#
# A fatal error has been detected by the Java Runtime Environment:
#
#  SIGSEGV (0xb) at pc=0x000000010ff85cdd, pid=58619, tid=0x000000000000d507
#
# JRE version: Java(TM) SE Runtime Environment (8.0_111-b14) (build 1.8.0_111-b14)
# Java VM: Java HotSpot(TM) 64-Bit Server VM (25.111-b14 mixed mode bsd-amd64 compressed oops)
# Problematic frame:
# C  [libawt_lwawt.dylib+0x1acdd]  OGLSD_SetScratchSurface+0x49
#
# Failed to write core dump. Core dumps have been disabled. To enable core dumping, try "ulimit -c unlimited" before starting Java again
#
# If you would like to submit a bug report, please visit:
#   http://bugreport.java.com/bugreport/crash.jsp
# The crash happened outside the Java Virtual Machine in native code.
# See problematic frame for where to report the bug.
#

---------------  T H R E A D  ---------------

Current thread (0x00007fdd6f949800):  JavaThread "Java2D Queue Flusher" daemon [_thread_in_native, id=54535, stack(0x000070001116a000,0x000070001126a000)]

siginfo: si_signo: 11 (SIGSEGV), si_code: 1 (SEGV_MAPERR), si_addr: 0x0000000000000002

Registers:
RAX=0x000000010ffa62fa, RBX=0x0000000000000002, RCX=0x0000000000000047, RDX=0x000000010ffa6844
RSP=0x0000700011269780, RBP=0x00007000112697a0, RSI=0x00007fdd6ee211b0, RDI=0x00007fdd6f9499f8
R8 =0x00007fdd6ec48140, R9 =0x0000000000323b18, R10=0x00000001105fa4f8, R11=0x00000001105fa4d8
R12=0x0000000000000000, R13=0x0000700011269890, R14=0x00007fdd6f9499f8, R15=0x00007fdd6f949800
RIP=0x000000010ff85cdd, EFLAGS=0x0000000000010202, ERR=0x0000000000000004
  TRAPNO=0x000000000000000e

Top of Stack: (sp=0x0000700011269780)
0x0000700011269780:   00007fdd6ee211b0 0000000000000000
0x0000700011269790:   00007fdd70189010 00007fdd6f949800
0x00007000112697a0:   0000700011269820 000000010ffa6322
0x00007000112697b0:   0000000000000040 0000000000000000
0x00007000112697c0:   0000000000000000 0000000000000000
0x00007000112697d0:   00000000437a0000 00007fdd6f949800
0x00007000112697e0:   0000700011269820 00007fdd70189020
0x00007000112697f0:   0000700000269810 00007fdd6f9499f8
0x0000700011269800:   000000010cf66920 0000000000000000
0x0000700011269810:   0000700011269908 00007fdd6f949800
0x0000700011269820:   0000700011269870 00000001105fa56a
0x0000700011269830:   00000006c00182d8 0000000000000000
0x0000700011269840:   0000000000000064 00007fdd6ec478c8
0x0000700011269850:   00007000112698b0 000000010a54ea48
0x0000700011269860:   0000000000000005 00007fdd6f949800
0x0000700011269870:   00007000112698f0 00000001102932bd
0x0000700011269880:   00007000112698f0 00000001102932bd
0x0000700011269890:   0000000000000020 00007fdd70189000
0x00007000112698a0:   00000006c00182f0 00000006c00182d8
0x00007000112698b0:   00007000112698b0 000000010cf669cd
0x00007000112698c0:   0000700011269908 000000010cf679b8
0x00007000112698d0:   000000016674a7b0 000000010cf669f0
0x00007000112698e0:   0000700011269890 0000700011269910
0x00007000112698f0:   00000006c000fe40 000000011063a940
0x0000700011269900:   0000000000000020 00000006c00182d8
0x0000700011269910:   000000010cf6c2f8 0000000100000000
0x0000700011269920:   00000006c000fe40 00000006c000fe40
0x0000700011269930:   0000700011269960 00007000112699d0
0x0000700011269940:   0000000000000001 0000000000000000
0x0000700011269950:   00007000112699d0 000000011028b7a7
0x0000700011269960:   00000006c000fe40 00000006c0012278
0x0000700011269970:   0000700000001fa0 000000000000000a 

Instructions: (pc=0x000000010ff85cdd)
0x000000010ff85cbd:   c0 e9 82 00 00 00 48 8b 5e 10 48 85 db 75 0e bf
0x000000010ff85ccd:   01 00 00 00 48 8d 15 ef 76 03 00 eb d6 49 89 fe
0x000000010ff85cdd:   4c 8b 3b 30 c0 e8 83 a3 02 00 49 8b 3f 49 89 c4
0x000000010ff85ced:   48 8b 35 34 f9 05 00 30 c0 e8 cb a4 02 00 48 85 

Register to memory mapping:

RAX=0x000000010ffa62fa: Java_sun_java2d_opengl_OGLRenderQueue_flushBuffer+0x612 in /Library/Java/JavaVirtualMachines/jdk1.8.0_111.jdk/Contents/Home/jre/lib/libawt_lwawt.dylib at 0x000000010ff6b000
RBX=0x0000000000000002 is an unknown value
RCX=0x0000000000000047 is an unknown value
RDX=0x000000010ffa6844: Java_sun_java2d_opengl_OGLRenderQueue_flushBuffer+0xb5c in /Library/Java/JavaVirtualMachines/jdk1.8.0_111.jdk/Contents/Home/jre/lib/libawt_lwawt.dylib at 0x000000010ff6b000
RSP=0x0000700011269780 is pointing into the stack for thread: 0x00007fdd6f949800
RBP=0x00007000112697a0 is pointing into the stack for thread: 0x00007fdd6f949800
RSI=0x00007fdd6ee211b0 is an unknown value
RDI=0x00007fdd6f9499f8 is an unknown value
R8 =0x00007fdd6ec48140 is an unknown value
R9 =0x0000000000323b18 is an unknown value
R10=0x00000001105fa4f8 is at entry_point+56 in (nmethod*)0x00000001105fa350
R11=0x00000001105fa4d8 is at entry_point+24 in (nmethod*)0x00000001105fa350
R12=0x0000000000000000 is an unknown value
R13=0x0000700011269890 is pointing into the stack for thread: 0x00007fdd6f949800
R14=0x00007fdd6f9499f8 is an unknown value
R15=0x00007fdd6f949800 is a thread


Stack: [0x000070001116a000,0x000070001126a000],  sp=0x0000700011269780,  free space=1021k
Native frames: (J=compiled Java code, j=interpreted, Vv=VM code, C=native code)
C  [libawt_lwawt.dylib+0x1acdd]  OGLSD_SetScratchSurface+0x49
C  [libawt_lwawt.dylib+0x3b322]  Java_sun_java2d_opengl_OGLRenderQueue_flushBuffer+0x63a
J 1825  sun.java2d.opengl.OGLRenderQueue.flushBuffer(JI)V (0 bytes) @ 0x00000001105fa56a [0x00000001105fa4c0+0xaa]
j  sun.java2d.opengl.OGLRenderQueue.flushBuffer()V+21
J 1865% C2 sun.java2d.opengl.OGLRenderQueue$QueueFlusher.run()V (234 bytes) @ 0x000000011063a940 [0x000000011063a700+0x240]
v  ~StubRoutines::call_stub
V  [libjvm.dylib+0x2ecf8a]  JavaCalls::call_helper(JavaValue*, methodHandle*, JavaCallArguments*, Thread*)+0x6ae
V  [libjvm.dylib+0x2ed718]  JavaCalls::call_virtual(JavaValue*, KlassHandle, Symbol*, Symbol*, JavaCallArguments*, Thread*)+0x164
V  [libjvm.dylib+0x2ed8c4]  JavaCalls::call_virtual(JavaValue*, Handle, KlassHandle, Symbol*, Symbol*, Thread*)+0x4a
V  [libjvm.dylib+0x348039]  thread_entry(JavaThread*, Thread*)+0x7c
V  [libjvm.dylib+0x56a27b]  JavaThread::thread_main_inner()+0x9b
V  [libjvm.dylib+0x56b968]  JavaThread::run()+0x1c2
V  [libjvm.dylib+0x489b0a]  java_start(Thread*)+0xf6
C  [libsystem_pthread.dylib+0x3abb]  _pthread_body+0xb4
C  [libsystem_pthread.dylib+0x3a07]  _pthread_body+0x0
C  [libsystem_pthread.dylib+0x3231]  thread_start+0xd
C  0x0000000000000000

Java frames: (J=compiled Java code, j=interpreted, Vv=VM code)
J 1825  sun.java2d.opengl.OGLRenderQueue.flushBuffer(JI)V (0 bytes) @ 0x00000001105fa4f8 [0x00000001105fa4c0+0x38]
j  sun.java2d.opengl.OGLRenderQueue.flushBuffer()V+21
J 1865% C2 sun.java2d.opengl.OGLRenderQueue$QueueFlusher.run()V (234 bytes) @ 0x000000011063a940 [0x000000011063a700+0x240]
v  ~StubRoutines::call_stub

---------------  P R O C E S S  ---------------

Java Threads: ( => current thread )
  0x00007fdd6f2ee000 JavaThread "RMI Reaper" [_thread_blocked, id=4999, stack(0x00007000117ff000,0x00007000118ff000)]
  0x00007fdd6f96b800 JavaThread "RMI TCP Accept-0" daemon [_thread_in_native, id=5351, stack(0x00007000116fc000,0x00007000117fc000)]
  0x00007fdd700aa800 JavaThread "TimerQueue" daemon [_thread_blocked, id=27147, stack(0x00007000115f9000,0x00007000116f9000)]
  0x00007fdd6f853000 JavaThread "GC Daemon" daemon [_thread_blocked, id=4659, stack(0x00007000114f6000,0x00007000115f6000)]
  0x00007fdd70211800 JavaThread "RMI RenewClean-[192.168.1.147:57074]" daemon [_thread_blocked, id=35339, stack(0x00007000113f3000,0x00007000114f3000)]
  0x00007fdd70206000 JavaThread "RMI Scheduler(0)" daemon [_thread_blocked, id=24395, stack(0x000070000feab000,0x000070000ffab000)]
  0x00007fdd701b6000 JavaThread "Java2D Disposer" daemon [_thread_blocked, id=56851, stack(0x000070001126d000,0x000070001136d000)]
=>0x00007fdd6f949800 JavaThread "Java2D Queue Flusher" daemon [_thread_in_native, id=54535, stack(0x000070001116a000,0x000070001126a000)]
  0x00007fdd70001800 JavaThread "DestroyJavaVM" [_thread_blocked, id=7171, stack(0x000070000ffb1000,0x00007000100b1000)]
  0x00007fdd70195800 JavaThread "AWT-EventQueue-0" [_thread_blocked, id=46911, stack(0x0000700011067000,0x0000700011167000)]
  0x00007fdd70133000 JavaThread "AWT-Shutdown" [_thread_blocked, id=29727, stack(0x0000700010e5e000,0x0000700010f5e000)]
  0x00007fdd7014b000 JavaThread "AppKit Thread" daemon [_thread_in_native, id=2059, stack(0x00007fff55bfd000,0x00007fff563fd000)]
  0x00007fdd7003b800 JavaThread "Service Thread" daemon [_thread_blocked, id=18435, stack(0x0000700010bd5000,0x0000700010cd5000)]
  0x00007fdd70816800 JavaThread "C1 CompilerThread2" daemon [_thread_blocked, id=17923, stack(0x0000700010ad2000,0x0000700010bd2000)]
  0x00007fdd6f036800 JavaThread "C2 CompilerThread1" daemon [_thread_blocked, id=17411, stack(0x00007000109cf000,0x0000700010acf000)]
  0x00007fdd6f036000 JavaThread "C2 CompilerThread0" daemon [_thread_blocked, id=16899, stack(0x00007000108cc000,0x00007000109cc000)]
  0x00007fdd70815800 JavaThread "Signal Dispatcher" daemon [_thread_blocked, id=16387, stack(0x00007000107c9000,0x00007000108c9000)]
  0x00007fdd70015800 JavaThread "Finalizer" daemon [_thread_blocked, id=12547, stack(0x00007000106c6000,0x00007000107c6000)]
  0x00007fdd6f003800 JavaThread "Reference Handler" daemon [_thread_blocked, id=12035, stack(0x00007000105c3000,0x00007000106c3000)]

Other Threads:
  0x00007fdd70015000 VMThread [stack: 0x00007000104c0000,0x00007000105c0000] [id=11523]
  0x00007fdd70813000 WatcherThread [stack: 0x0000700010cd8000,0x0000700010dd8000] [id=18947]

VM state:not at safepoint (normal execution)

VM Mutex/Monitor currently owned by a thread: None

Heap:
 PSYoungGen      total 76288K, used 0K [0x000000076ab00000, 0x0000000770000000, 0x00000007c0000000)
  eden space 65536K, 0% used [0x000000076ab00000,0x000000076ab00000,0x000000076eb00000)
  from space 10752K, 0% used [0x000000076eb00000,0x000000076eb00000,0x000000076f580000)
  to   space 10752K, 0% used [0x000000076f580000,0x000000076f580000,0x0000000770000000)
 ParOldGen       total 175104K, used 5619K [0x00000006c0000000, 0x00000006cab00000, 0x000000076ab00000)
  object space 175104K, 3% used [0x00000006c0000000,0x00000006c057cdb8,0x00000006cab00000)
 Metaspace       used 14598K, capacity 14842K, committed 15232K, reserved 1062912K
  class space    used 1724K, capacity 1799K, committed 1920K, reserved 1048576K

Card table byte_map: [0x000000010b561000,0x000000010bd62000] byte_map_base: 0x0000000107f61000

Marking Bits: (ParMarkBitMap*) 0x000000010aaefd20
 Begin Bits: [0x000000011f28b000, 0x000000012328b000)
 End Bits:   [0x000000012328b000, 0x000000012728b000)

Polling page: 0x00000001098c3000

CodeCache: size=245760Kb used=5867Kb max_used=5879Kb free=239892Kb
 bounds [0x000000011028b000, 0x000000011085b000, 0x000000011f28b000]
 total_blobs=2276 nmethods=1740 adapters=449
 compilation: enabled

Compilation events (10 events):
Event: 13521.066 Thread 0x00007fdd6f036800 1927       4       java.util.concurrent.ConcurrentHashMap::get (162 bytes)
Event: 13521.071 Thread 0x00007fdd6f036800 nmethod 1927 0x000000011084d590 code [0x000000011084d700, 0x000000011084d9f8]
Event: 13840.606 Thread 0x00007fdd70816800 1928       1       java.util.HashMap::size (5 bytes)
Event: 13840.606 Thread 0x00007fdd70816800 nmethod 1928 0x000000011064c650 code [0x000000011064c7a0, 0x000000011064c8b0]
Event: 13840.607 Thread 0x00007fdd6f036000 1929       4       java.io.BufferedInputStream::read1 (108 bytes)
Event: 13840.607 Thread 0x00007fdd6f036800 1930  s    4       java.io.BufferedInputStream::read (113 bytes)
Event: 13840.610 Thread 0x00007fdd6f036000 nmethod 1929 0x000000011084dc90 code [0x000000011084de00, 0x000000011084e078]
Event: 13840.617 Thread 0x00007fdd6f036800 nmethod 1930 0x000000011084a8d0 code [0x000000011084aaa0, 0x000000011084b890]
Event: 14121.098 Thread 0x00007fdd70816800 1931       3       java.io.ObjectInputStream$BlockDataInputStream::read (138 bytes)
Event: 14121.099 Thread 0x00007fdd70816800 nmethod 1931 0x000000011084ca90 code [0x000000011084cc60, 0x000000011084d368]

GC Heap History (10 events):
Event: 7220.487 GC heap before
{Heap before GC invocations=6 (full 3):
 PSYoungGen      total 76288K, used 128K [0x000000076ab00000, 0x0000000770000000, 0x00000007c0000000)
  eden space 65536K, 0% used [0x000000076ab00000,0x000000076ab00000,0x000000076eb00000)
  from space 10752K, 1% used [0x000000076eb00000,0x000000076eb20000,0x000000076f580000)
  to   space 10752K, 0% used [0x000000076f580000,0x000000076f580000,0x0000000770000000)
 ParOldGen       total 175104K, used 5396K [0x00000006c0000000, 0x00000006cab00000, 0x000000076ab00000)
  object space 175104K, 3% used [0x00000006c0000000,0x00000006c0545248,0x00000006cab00000)
 Metaspace       used 14524K, capacity 14780K, committed 14976K, reserved 1062912K
  class space    used 1727K, capacity 1814K, committed 1920K, reserved 1048576K
Event: 7220.522 GC heap after
Heap after GC invocations=6 (full 3):
 PSYoungGen      total 76288K, used 0K [0x000000076ab00000, 0x0000000770000000, 0x00000007c0000000)
  eden space 65536K, 0% used [0x000000076ab00000,0x000000076ab00000,0x000000076eb00000)
  from space 10752K, 0% used [0x000000076eb00000,0x000000076eb00000,0x000000076f580000)
  to   space 10752K, 0% used [0x000000076f580000,0x000000076f580000,0x0000000770000000)
 ParOldGen       total 175104K, used 3659K [0x00000006c0000000, 0x00000006cab00000, 0x000000076ab00000)
  object space 175104K, 2% used [0x00000006c0000000,0x00000006c0392ca8,0x00000006cab00000)
 Metaspace       used 14482K, capacity 14714K, committed 14976K, reserved 1062912K
  class space    used 1718K, capacity 1799K, committed 1920K, reserved 1048576K
}
Event: 10820.522 GC heap before
{Heap before GC invocations=7 (full 3):
 PSYoungGen      total 76288K, used 10814K [0x000000076ab00000, 0x0000000770000000, 0x00000007c0000000)
  eden space 65536K, 16% used [0x000000076ab00000,0x000000076b58f9d0,0x000000076eb00000)
  from space 10752K, 0% used [0x000000076eb00000,0x000000076eb00000,0x000000076f580000)
  to   space 10752K, 0% used [0x000000076f580000,0x000000076f580000,0x0000000770000000)
 ParOldGen       total 175104K, used 3659K [0x00000006c0000000, 0x00000006cab00000, 0x000000076ab00000)
  object space 175104K, 2% used [0x00000006c0000000,0x00000006c0392ca8,0x00000006cab00000)
 Metaspace       used 14525K, capacity 14778K, committed 15232K, reserved 1062912K
  class space    used 1719K, capacity 1799K, committed 1920K, reserved 1048576K
Event: 10820.523 GC heap after
Heap after GC invocations=7 (full 3):
 PSYoungGen      total 76288K, used 128K [0x000000076ab00000, 0x0000000770000000, 0x00000007c0000000)
  eden space 65536K, 0% used [0x000000076ab00000,0x000000076ab00000,0x000000076eb00000)
  from space 10752K, 1% used [0x000000076f580000,0x000000076f5a0000,0x0000000770000000)
  to   space 10752K, 0% used [0x000000076eb00000,0x000000076eb00000,0x000000076f580000)
 ParOldGen       total 175104K, used 3667K [0x00000006c0000000, 0x00000006cab00000, 0x000000076ab00000)
  object space 175104K, 2% used [0x00000006c0000000,0x00000006c0394ca8,0x00000006cab00000)
 Metaspace       used 14525K, capacity 14778K, committed 15232K, reserved 1062912K
  class space    used 1719K, capacity 1799K, committed 1920K, reserved 1048576K
}
Event: 10820.523 GC heap before
{Heap before GC invocations=8 (full 4):
 PSYoungGen      total 76288K, used 128K [0x000000076ab00000, 0x0000000770000000, 0x00000007c0000000)
  eden space 65536K, 0% used [0x000000076ab00000,0x000000076ab00000,0x000000076eb00000)
  from space 10752K, 1% used [0x000000076f580000,0x000000076f5a0000,0x0000000770000000)
  to   space 10752K, 0% used [0x000000076eb00000,0x000000076eb00000,0x000000076f580000)
 ParOldGen       total 175104K, used 3667K [0x00000006c0000000, 0x00000006cab00000, 0x000000076ab00000)
  object space 175104K, 2% used [0x00000006c0000000,0x00000006c0394ca8,0x00000006cab00000)
 Metaspace       used 14525K, capacity 14778K, committed 15232K, reserved 1062912K
  class space    used 1719K, capacity 1799K, committed 1920K, reserved 1048576K
Event: 10820.562 GC heap after
Heap after GC invocations=8 (full 4):
 PSYoungGen      total 76288K, used 0K [0x000000076ab00000, 0x0000000770000000, 0x00000007c0000000)
  eden space 65536K, 0% used [0x000000076ab00000,0x000000076ab00000,0x000000076eb00000)
  from space 10752K, 0% used [0x000000076f580000,0x000000076f580000,0x0000000770000000)
  to   space 10752K, 0% used [0x000000076eb00000,0x000000076eb00000,0x000000076f580000)
 ParOldGen       total 175104K, used 3641K [0x00000006c0000000, 0x00000006cab00000, 0x000000076ab00000)
  object space 175104K, 2% used [0x00000006c0000000,0x00000006c038e470,0x00000006cab00000)
 Metaspace       used 14525K, capacity 14778K, committed 15232K, reserved 1062912K
  class space    used 1719K, capacity 1799K, committed 1920K, reserved 1048576K
}
Event: 14420.571 GC heap before
{Heap before GC invocations=9 (full 4):
 PSYoungGen      total 76288K, used 14553K [0x000000076ab00000, 0x0000000770000000, 0x00000007c0000000)
  eden space 65536K, 22% used [0x000000076ab00000,0x000000076b936628,0x000000076eb00000)
  from space 10752K, 0% used [0x000000076f580000,0x000000076f580000,0x0000000770000000)
  to   space 10752K, 0% used [0x000000076eb00000,0x000000076eb00000,0x000000076f580000)
 ParOldGen       total 175104K, used 3641K [0x00000006c0000000, 0x00000006cab00000, 0x000000076ab00000)
  object space 175104K, 2% used [0x00000006c0000000,0x00000006c038e470,0x00000006cab00000)
 Metaspace       used 14598K, capacity 14842K, committed 15232K, reserved 1062912K
  class space    used 1724K, capacity 1799K, committed 1920K, reserved 1048576K
Event: 14420.573 GC heap after
Heap after GC invocations=9 (full 4):
 PSYoungGen      total 76288K, used 5839K [0x000000076ab00000, 0x0000000770000000, 0x00000007c0000000)
  eden space 65536K, 0% used [0x000000076ab00000,0x000000076ab00000,0x000000076eb00000)
  from space 10752K, 54% used [0x000000076eb00000,0x000000076f0b3d68,0x000000076f580000)
  to   space 10752K, 0% used [0x000000076f580000,0x000000076f580000,0x0000000770000000)
 ParOldGen       total 175104K, used 3649K [0x00000006c0000000, 0x00000006cab00000, 0x000000076ab00000)
  object space 175104K, 2% used [0x00000006c0000000,0x00000006c0390470,0x00000006cab00000)
 Metaspace       used 14598K, capacity 14842K, committed 15232K, reserved 1062912K
  class space    used 1724K, capacity 1799K, committed 1920K, reserved 1048576K
}
Event: 14420.573 GC heap before
{Heap before GC invocations=10 (full 5):
 PSYoungGen      total 76288K, used 5839K [0x000000076ab00000, 0x0000000770000000, 0x00000007c0000000)
  eden space 65536K, 0% used [0x000000076ab00000,0x000000076ab00000,0x000000076eb00000)
  from space 10752K, 54% used [0x000000076eb00000,0x000000076f0b3d68,0x000000076f580000)
  to   space 10752K, 0% used [0x000000076f580000,0x000000076f580000,0x0000000770000000)
 ParOldGen       total 175104K, used 3649K [0x00000006c0000000, 0x00000006cab00000, 0x000000076ab00000)
  object space 175104K, 2% used [0x00000006c0000000,0x00000006c0390470,0x00000006cab00000)
 Metaspace       used 14598K, capacity 14842K, committed 15232K, reserved 1062912K
  class space    used 1724K, capacity 1799K, committed 1920K, reserved 1048576K
Event: 14420.611 GC heap after
Heap after GC invocations=10 (full 5):
 PSYoungGen      total 76288K, used 0K [0x000000076ab00000, 0x0000000770000000, 0x00000007c0000000)
  eden space 65536K, 0% used [0x000000076ab00000,0x000000076ab00000,0x000000076eb00000)
  from space 10752K, 0% used [0x000000076eb00000,0x000000076eb00000,0x000000076f580000)
  to   space 10752K, 0% used [0x000000076f580000,0x000000076f580000,0x0000000770000000)
 ParOldGen       total 175104K, used 5619K [0x00000006c0000000, 0x00000006cab00000, 0x000000076ab00000)
  object space 175104K, 3% used [0x00000006c0000000,0x00000006c057cdb8,0x00000006cab00000)
 Metaspace       used 14598K, capacity 14842K, committed 15232K, reserved 1062912K
  class space    used 1724K, capacity 1799K, committed 1920K, reserved 1048576K
}

Deoptimization events (10 events):
Event: 20.676 Thread 0x00007fdd70195800 Uncommon trap: reason=class_check action=maybe_recompile pc=0x0000000110402798 method=java.lang.String.equals(Ljava/lang/Object;)Z @ 8
Event: 37.330 Thread 0x00007fdd70195800 Uncommon trap: reason=unstable_if action=reinterpret pc=0x0000000110687810 method=java.awt.Container.findComponentAtImpl(IIZ)Ljava/awt/Component; @ 6
Event: 39.922 Thread 0x00007fdd70195800 Uncommon trap: reason=unstable_if action=reinterpret pc=0x00000001105d4908 method=sun.net.www.ParseUtil.encodePath(Ljava/lang/String;Z)Ljava/lang/String; @ 123
Event: 54.954 Thread 0x00007fdd7007a800 Uncommon trap: reason=unstable_if action=reinterpret pc=0x00000001105ae444 method=java.net.AbstractPlainSocketImpl.close()V @ 18
Event: 55.425 Thread 0x00007fdd70195800 Uncommon trap: reason=unstable_if action=reinterpret pc=0x00000001106a9524 method=java.awt.EventQueue.coalescePeerEvent(Lsun/awt/PeerEvent;)Z @ 30
Event: 2109.896 Thread 0x00007fdd7014b000 Uncommon trap: reason=unstable_if action=reinterpret pc=0x00000001103a0028 method=sun.java2d.pipe.Region.contains(II)Z @ 5
Event: 2125.491 Thread 0x00007fdd7014b000 Uncommon trap: reason=unstable_if action=reinterpret pc=0x000000011053a938 method=sun.java2d.pipe.Region.contains(II)Z @ 5
Event: 12663.424 Thread 0x00007fdd6f949800 Uncommon trap: reason=class_check action=maybe_recompile pc=0x000000011063aab8 method=sun.java2d.opengl.OGLRenderQueue$QueueFlusher.run()V @ 95
Event: 12663.601 Thread 0x00007fdd70195800 Uncommon trap: reason=unstable_if action=reinterpret pc=0x0000000110744ce4 method=java.awt.EventQueue.getPriority(Ljava/awt/AWTEvent;)I @ 71
Event: 12663.734 Thread 0x00007fdd7014b000 Uncommon trap: reason=unstable_if action=reinterpret pc=0x000000011073135c method=java.awt.EventQueue.getPriority(Ljava/awt/AWTEvent;)I @ 71

Internal exceptions (10 events):
Event: 18.417 Thread 0x00007fdd70195800 Exception <a 'java/net/ConnectException'> (0x000000076c5bee30) thrown at [/Users/java_re/workspace/8-2-build-macosx-x86_64/jdk8u111/7883/hotspot/src/share/vm/prims/jni.cpp, line 709]
Event: 18.417 Thread 0x00007fdd70195800 Exception <a 'java/net/ConnectException'> (0x000000076c5c0778) thrown at [/Users/java_re/workspace/8-2-build-macosx-x86_64/jdk8u111/7883/hotspot/src/share/vm/prims/jni.cpp, line 709]
Event: 18.418 Thread 0x00007fdd70195800 Exception <a 'java/net/ConnectException'> (0x000000076c5c20c0) thrown at [/Users/java_re/workspace/8-2-build-macosx-x86_64/jdk8u111/7883/hotspot/src/share/vm/prims/jni.cpp, line 709]
Event: 18.419 Thread 0x00007fdd70195800 Exception <a 'java/net/ConnectException'> (0x000000076c5c3a08) thrown at [/Users/java_re/workspace/8-2-build-macosx-x86_64/jdk8u111/7883/hotspot/src/share/vm/prims/jni.cpp, line 709]
Event: 18.420 Thread 0x00007fdd70195800 Exception <a 'java/net/ConnectException'> (0x000000076c5c5350) thrown at [/Users/java_re/workspace/8-2-build-macosx-x86_64/jdk8u111/7883/hotspot/src/share/vm/prims/jni.cpp, line 709]
Event: 20.439 Thread 0x00007fdd70195800 Exception <a 'java/lang/NoSuchMethodError': <clinit>> (0x000000076ab05fc0) thrown at [/Users/java_re/workspace/8-2-build-macosx-x86_64/jdk8u111/7883/hotspot/src/share/vm/prims/jni.cpp, line 1613]
Event: 20.441 Thread 0x00007fdd70015800 Exception <a 'java/lang/NullPointerException'> (0x000000076aed7168) thrown at [/Users/java_re/workspace/8-2-build-macosx-x86_64/jdk8u111/7883/hotspot/src/share/vm/interpreter/linkResolver.cpp, line 1178]
Event: 20.443 Thread 0x00007fdd70195800 Exception <a 'java/lang/NoSuchMethodError': <clinit>> (0x000000076ab24818) thrown at [/Users/java_re/workspace/8-2-build-macosx-x86_64/jdk8u111/7883/hotspot/src/share/vm/prims/jni.cpp, line 1613]
Event: 20.445 Thread 0x00007fdd70211800 Exception <a 'java/lang/InterruptedException'> (0x000000076b01ebe8) thrown at [/Users/java_re/workspace/8-2-build-macosx-x86_64/jdk8u111/7883/hotspot/src/share/vm/runtime/objectMonitor.cpp, line 1684]
Event: 20.451 Thread 0x00007fdd70195800 Implicit null exception at 0x0000000110539f55 to 0x000000011053a609

Events (10 events):
Event: 14420.611 Executing VM operation: RevokeBias
Event: 14420.611 Executing VM operation: RevokeBias done
Event: 14420.611 Executing VM operation: RevokeBias
Event: 14420.611 Executing VM operation: RevokeBias done
Event: 14420.611 Executing VM operation: RevokeBias
Event: 14420.612 Executing VM operation: RevokeBias done
Event: 14420.612 Executing VM operation: RevokeBias
Event: 14420.612 Executing VM operation: RevokeBias done
Event: 14420.612 Executing VM operation: RevokeBias
Event: 14420.612 Executing VM operation: RevokeBias done


Dynamic libraries:
0x000000001e50f000 	/System/Library/Frameworks/Cocoa.framework/Versions/A/Cocoa
0x000000001e50f000 	/System/Library/Frameworks/Security.framework/Versions/A/Security
0x000000001e50f000 	/System/Library/Frameworks/ApplicationServices.framework/Versions/A/ApplicationServices
0x000000001e50f000 	/usr/lib/libz.1.dylib
0x000000001e50f000 	/usr/lib/libSystem.B.dylib
0x000000001e50f000 	/usr/lib/libobjc.A.dylib
0x000000001e50f000 	/System/Library/Frameworks/CoreFoundation.framework/Versions/A/CoreFoundation
0x000000001e50f000 	/System/Library/Frameworks/Foundation.framework/Versions/C/Foundation
0x000000001e50f000 	/System/Library/Frameworks/AppKit.framework/Versions/C/AppKit
0x000000001e50f000 	/System/Library/Frameworks/CoreData.framework/Versions/A/CoreData
0x000000001e50f000 	/System/Library/PrivateFrameworks/RemoteViewServices.framework/Versions/A/RemoteViewServices
0x000000001e50f000 	/System/Library/PrivateFrameworks/UIFoundation.framework/Versions/A/UIFoundation
0x000000001e50f000 	/usr/lib/libenergytrace.dylib
0x000000001e50f000 	/System/Library/PrivateFrameworks/SkyLight.framework/Versions/A/SkyLight
0x000000001e50f000 	/System/Library/Frameworks/CoreGraphics.framework/Versions/A/CoreGraphics
0x000000001e50f000 	/usr/lib/libScreenReader.dylib
0x000000001e50f000 	/System/Library/Frameworks/Accelerate.framework/Versions/A/Accelerate
0x000000001e50f000 	/System/Library/Frameworks/IOSurface.framework/Versions/A/IOSurface
0x000000001e50f000 	/System/Library/Frameworks/AudioToolbox.framework/Versions/A/AudioToolbox
0x000000001e50f000 	/System/Library/Frameworks/AudioUnit.framework/Versions/A/AudioUnit
0x000000001e50f000 	/System/Library/PrivateFrameworks/DataDetectorsCore.framework/Versions/A/DataDetectorsCore
0x000000001e50f000 	/System/Library/PrivateFrameworks/DesktopServicesPriv.framework/Versions/A/DesktopServicesPriv
0x000000001e50f000 	/System/Library/Frameworks/Carbon.framework/Versions/A/Frameworks/HIToolbox.framework/Versions/A/HIToolbox
0x000000001e50f000 	/usr/lib/libicucore.A.dylib
0x000000001e50f000 	/System/Library/Frameworks/QuartzCore.framework/Versions/A/QuartzCore
0x000000001e50f000 	/System/Library/Frameworks/Carbon.framework/Versions/A/Frameworks/SpeechRecognition.framework/Versions/A/SpeechRecognition
0x000000001e50f000 	/usr/lib/libauto.dylib
0x000000001e50f000 	/usr/lib/libxml2.2.dylib
0x000000001e50f000 	/System/Library/PrivateFrameworks/CoreUI.framework/Versions/A/CoreUI
0x000000001e50f000 	/System/Library/Frameworks/CoreAudio.framework/Versions/A/CoreAudio
0x000000001e50f000 	/System/Library/Frameworks/DiskArbitration.framework/Versions/A/DiskArbitration
0x000000001e50f000 	/usr/lib/liblangid.dylib
0x000000001e50f000 	/System/Library/PrivateFrameworks/MultitouchSupport.framework/Versions/A/MultitouchSupport
0x000000001e50f000 	/System/Library/Frameworks/IOKit.framework/Versions/A/IOKit
0x000000001e50f000 	/usr/lib/libDiagnosticMessagesClient.dylib
0x000000001e50f000 	/System/Library/Frameworks/CoreServices.framework/Versions/A/CoreServices
0x000000001e50f000 	/System/Library/PrivateFrameworks/PerformanceAnalysis.framework/Versions/A/PerformanceAnalysis
0x000000001e50f000 	/System/Library/PrivateFrameworks/GenerationalStorage.framework/Versions/A/GenerationalStorage
0x000000001e50f000 	/System/Library/Frameworks/OpenGL.framework/Versions/A/OpenGL
0x000000001e50f000 	/System/Library/Frameworks/CoreImage.framework/Versions/A/CoreImage
0x000000001e50f000 	/System/Library/Frameworks/CoreText.framework/Versions/A/CoreText
0x000000001e50f000 	/System/Library/Frameworks/ImageIO.framework/Versions/A/ImageIO
0x000000001e50f000 	/System/Library/PrivateFrameworks/Backup.framework/Versions/A/Backup
0x000000001e50f000 	/usr/lib/libarchive.2.dylib
0x000000001e50f000 	/System/Library/Frameworks/CFNetwork.framework/Versions/A/CFNetwork
0x000000001e50f000 	/System/Library/Frameworks/SystemConfiguration.framework/Versions/A/SystemConfiguration
0x000000001e50f000 	/usr/lib/libCRFSuite.dylib
0x000000001e50f000 	/usr/lib/libc++.1.dylib
0x000000001e50f000 	/usr/lib/libc++abi.dylib
0x000000001e50f000 	/usr/lib/system/libcache.dylib
0x000000001e50f000 	/usr/lib/system/libcommonCrypto.dylib
0x000000001e50f000 	/usr/lib/system/libcompiler_rt.dylib
0x000000001e50f000 	/usr/lib/system/libcopyfile.dylib
0x000000001e50f000 	/usr/lib/system/libcorecrypto.dylib
0x000000001e50f000 	/usr/lib/system/libdispatch.dylib
0x000000001e50f000 	/usr/lib/system/libdyld.dylib
0x000000001e50f000 	/usr/lib/system/libkeymgr.dylib
0x000000001e50f000 	/usr/lib/system/liblaunch.dylib
0x000000001e50f000 	/usr/lib/system/libmacho.dylib
0x000000001e50f000 	/usr/lib/system/libquarantine.dylib
0x000000001e50f000 	/usr/lib/system/libremovefile.dylib
0x000000001e50f000 	/usr/lib/system/libsystem_asl.dylib
0x000000001e50f000 	/usr/lib/system/libsystem_blocks.dylib
0x000000001e50f000 	/usr/lib/system/libsystem_c.dylib
0x000000001e50f000 	/usr/lib/system/libsystem_configuration.dylib
0x000000001e50f000 	/usr/lib/system/libsystem_coreservices.dylib
0x000000001e50f000 	/usr/lib/system/libsystem_coretls.dylib
0x000000001e50f000 	/usr/lib/system/libsystem_dnssd.dylib
0x000000001e50f000 	/usr/lib/system/libsystem_info.dylib
0x000000001e50f000 	/usr/lib/system/libsystem_kernel.dylib
0x000000001e50f000 	/usr/lib/system/libsystem_m.dylib
0x000000001e50f000 	/usr/lib/system/libsystem_malloc.dylib
0x000000001e50f000 	/usr/lib/system/libsystem_network.dylib
0x000000001e50f000 	/usr/lib/system/libsystem_networkextension.dylib
0x000000001e50f000 	/usr/lib/system/libsystem_notify.dylib
0x000000001e50f000 	/usr/lib/system/libsystem_platform.dylib
0x000000001e50f000 	/usr/lib/system/libsystem_pthread.dylib
0x000000001e50f000 	/usr/lib/system/libsystem_sandbox.dylib
0x000000001e50f000 	/usr/lib/system/libsystem_secinit.dylib
0x000000001e50f000 	/usr/lib/system/libsystem_symptoms.dylib
0x000000001e50f000 	/usr/lib/system/libsystem_trace.dylib
0x000000001e50f000 	/usr/lib/system/libunwind.dylib
0x000000001e50f000 	/usr/lib/system/libxpc.dylib
0x000000001e50f000 	/usr/lib/libbsm.0.dylib
0x000000001e50f000 	/usr/lib/system/libkxld.dylib
0x000000001e50f000 	/usr/lib/libcoretls.dylib
0x000000001e50f000 	/usr/lib/libcoretls_cfhelpers.dylib
0x000000001e50f000 	/usr/lib/libxar.1.dylib
0x000000001e50f000 	/usr/lib/libsqlite3.dylib
0x000000001e50f000 	/usr/lib/libpam.2.dylib
0x000000001e50f000 	/usr/lib/libOpenScriptingUtil.dylib
0x000000001e50f000 	/usr/lib/libbz2.1.0.dylib
0x000000001e50f000 	/usr/lib/liblzma.5.dylib
0x000000001e50f000 	/usr/lib/libnetwork.dylib
0x000000001e50f000 	/usr/lib/libpcap.A.dylib
0x000000001e50f000 	/System/Library/Frameworks/CoreServices.framework/Versions/A/Frameworks/FSEvents.framework/Versions/A/FSEvents
0x000000001e50f000 	/System/Library/Frameworks/CoreServices.framework/Versions/A/Frameworks/CarbonCore.framework/Versions/A/CarbonCore
0x000000001e50f000 	/System/Library/Frameworks/CoreServices.framework/Versions/A/Frameworks/Metadata.framework/Versions/A/Metadata
0x000000001e50f000 	/System/Library/Frameworks/CoreServices.framework/Versions/A/Frameworks/OSServices.framework/Versions/A/OSServices
0x000000001e50f000 	/System/Library/Frameworks/CoreServices.framework/Versions/A/Frameworks/SearchKit.framework/Versions/A/SearchKit
0x000000001e50f000 	/System/Library/Frameworks/CoreServices.framework/Versions/A/Frameworks/AE.framework/Versions/A/AE
0x000000001e50f000 	/System/Library/Frameworks/CoreServices.framework/Versions/A/Frameworks/LaunchServices.framework/Versions/A/LaunchServices
0x000000001e50f000 	/System/Library/Frameworks/CoreServices.framework/Versions/A/Frameworks/DictionaryServices.framework/Versions/A/DictionaryServices
0x000000001e50f000 	/System/Library/Frameworks/CoreServices.framework/Versions/A/Frameworks/SharedFileList.framework/Versions/A/SharedFileList
0x000000001e50f000 	/System/Library/Frameworks/NetFS.framework/Versions/A/NetFS
0x000000001e50f000 	/System/Library/PrivateFrameworks/NetAuth.framework/Versions/A/NetAuth
0x000000001e50f000 	/System/Library/PrivateFrameworks/login.framework/Versions/A/Frameworks/loginsupport.framework/Versions/A/loginsupport
0x000000001e50f000 	/System/Library/PrivateFrameworks/TCC.framework/Versions/A/TCC
0x000000001e50f000 	/usr/lib/libmecabra.dylib
0x000000001e50f000 	/System/Library/Frameworks/ApplicationServices.framework/Versions/A/Frameworks/ATS.framework/Versions/A/ATS
0x000000001e50f000 	/System/Library/Frameworks/ApplicationServices.framework/Versions/A/Frameworks/ColorSync.framework/Versions/A/ColorSync
0x000000001e50f000 	/System/Library/Frameworks/ApplicationServices.framework/Versions/A/Frameworks/HIServices.framework/Versions/A/HIServices
0x000000001e50f000 	/System/Library/Frameworks/ApplicationServices.framework/Versions/A/Frameworks/LangAnalysis.framework/Versions/A/LangAnalysis
0x000000001e50f000 	/System/Library/Frameworks/ApplicationServices.framework/Versions/A/Frameworks/PrintCore.framework/Versions/A/PrintCore
0x000000001e50f000 	/System/Library/Frameworks/ApplicationServices.framework/Versions/A/Frameworks/QD.framework/Versions/A/QD
0x000000001e50f000 	/System/Library/Frameworks/ApplicationServices.framework/Versions/A/Frameworks/SpeechSynthesis.framework/Versions/A/SpeechSynthesis
0x000000001e50f000 	/System/Library/Frameworks/Accelerate.framework/Versions/A/Frameworks/vImage.framework/Versions/A/vImage
0x000000001e50f000 	/System/Library/Frameworks/Accelerate.framework/Versions/A/Frameworks/vecLib.framework/Versions/A/vecLib
0x000000001e50f000 	/System/Library/Frameworks/Accelerate.framework/Versions/A/Frameworks/vecLib.framework/Versions/A/libvDSP.dylib
0x000000001e50f000 	/System/Library/Frameworks/Accelerate.framework/Versions/A/Frameworks/vecLib.framework/Versions/A/libBNNS.dylib
0x000000001e50f000 	/System/Library/Frameworks/Accelerate.framework/Versions/A/Frameworks/vecLib.framework/Versions/A/libQuadrature.dylib
0x000000001e50f000 	/System/Library/Frameworks/Accelerate.framework/Versions/A/Frameworks/vecLib.framework/Versions/A/libvMisc.dylib
0x000000001e50f000 	/System/Library/Frameworks/Accelerate.framework/Versions/A/Frameworks/vecLib.framework/Versions/A/libLAPACK.dylib
0x000000001e50f000 	/System/Library/Frameworks/Accelerate.framework/Versions/A/Frameworks/vecLib.framework/Versions/A/libBLAS.dylib
0x000000001e50f000 	/System/Library/Frameworks/Accelerate.framework/Versions/A/Frameworks/vecLib.framework/Versions/A/libLinearAlgebra.dylib
0x000000001e50f000 	/System/Library/Frameworks/Accelerate.framework/Versions/A/Frameworks/vecLib.framework/Versions/A/libSparseBLAS.dylib
0x000000001e50f000 	/System/Library/Frameworks/ApplicationServices.framework/Versions/A/Frameworks/ATS.framework/Versions/A/Resources/libFontParser.dylib
0x000000001e50f000 	/System/Library/Frameworks/ApplicationServices.framework/Versions/A/Frameworks/ATS.framework/Versions/A/Resources/libFontRegistry.dylib
0x000000001e50f000 	/System/Library/Frameworks/ImageIO.framework/Versions/A/Resources/libJPEG.dylib
0x000000001e50f000 	/System/Library/Frameworks/ImageIO.framework/Versions/A/Resources/libTIFF.dylib
0x000000001e50f000 	/System/Library/Frameworks/ImageIO.framework/Versions/A/Resources/libPng.dylib
0x000000001e50f000 	/System/Library/Frameworks/ImageIO.framework/Versions/A/Resources/libGIF.dylib
0x000000001e50f000 	/System/Library/Frameworks/ImageIO.framework/Versions/A/Resources/libJP2.dylib
0x000000001e50f000 	/System/Library/Frameworks/ImageIO.framework/Versions/A/Resources/libRadiance.dylib
0x000000001e50f000 	/usr/lib/libcompression.dylib
0x000000001e50f000 	/System/Library/PrivateFrameworks/AppleJPEG.framework/Versions/A/AppleJPEG
0x000000001e50f000 	/usr/lib/libcups.2.dylib
0x000000001e50f000 	/System/Library/Frameworks/Kerberos.framework/Versions/A/Kerberos
0x000000001e50f000 	/System/Library/Frameworks/GSS.framework/Versions/A/GSS
0x000000001e50f000 	/usr/lib/libresolv.9.dylib
0x000000001e50f000 	/usr/lib/libiconv.2.dylib
0x000000001e50f000 	/System/Library/PrivateFrameworks/Heimdal.framework/Versions/A/Heimdal
0x000000001e50f000 	/usr/lib/libheimdal-asn1.dylib
0x000000001e50f000 	/System/Library/Frameworks/OpenDirectory.framework/Versions/A/OpenDirectory
0x000000001e50f000 	/System/Library/PrivateFrameworks/CommonAuth.framework/Versions/A/CommonAuth
0x000000001e50f000 	/System/Library/Frameworks/OpenDirectory.framework/Versions/A/Frameworks/CFOpenDirectory.framework/Versions/A/CFOpenDirectory
0x000000001e50f000 	/System/Library/Frameworks/SecurityFoundation.framework/Versions/A/SecurityFoundation
0x000000001e50f000 	/System/Library/PrivateFrameworks/LanguageModeling.framework/Versions/A/LanguageModeling
0x000000001e50f000 	/usr/lib/libmarisa.dylib
0x000000001e50f000 	/usr/lib/libChineseTokenizer.dylib
0x000000001e50f000 	/usr/lib/libcmph.dylib
0x000000001e50f000 	/System/Library/PrivateFrameworks/CoreEmoji.framework/Versions/A/CoreEmoji
0x000000001e50f000 	/System/Library/Frameworks/ServiceManagement.framework/Versions/A/ServiceManagement
0x000000001e50f000 	/usr/lib/libxslt.1.dylib
0x000000001e50f000 	/System/Library/Frameworks/Carbon.framework/Versions/A/Frameworks/Ink.framework/Versions/A/Ink
0x000000001e50f000 	/System/Library/PrivateFrameworks/TextureIO.framework/Versions/A/TextureIO
0x000000001e50f000 	/System/Library/Frameworks/Metal.framework/Versions/A/Metal
0x000000001e50f000 	/usr/lib/libate.dylib
0x000000001e50f000 	/System/Library/PrivateFrameworks/GPUCompiler.framework/libmetal_timestamp.dylib
0x000000001e50f000 	/System/Library/Frameworks/OpenGL.framework/Versions/A/Libraries/libCoreFSCache.dylib
0x000000001e50f000 	/System/Library/PrivateFrameworks/IOAccelerator.framework/Versions/A/IOAccelerator
0x000000001e50f000 	/System/Library/Frameworks/CoreVideo.framework/Versions/A/CoreVideo
0x000000001e50f000 	/usr/lib/libFosl_dynamic.dylib
0x000000001e50f000 	/System/Library/PrivateFrameworks/MetalPerformanceShaders.framework/Versions/A/MetalPerformanceShaders
0x000000001e50f000 	/System/Library/PrivateFrameworks/FaceCore.framework/Versions/A/FaceCore
0x000000001e50f000 	/System/Library/Frameworks/OpenCL.framework/Versions/A/OpenCL
0x000000001e50f000 	/System/Library/Frameworks/OpenGL.framework/Versions/A/Libraries/libGLU.dylib
0x000000001e50f000 	/System/Library/Frameworks/OpenGL.framework/Versions/A/Libraries/libGFXShared.dylib
0x000000001e50f000 	/System/Library/Frameworks/OpenGL.framework/Versions/A/Libraries/libGL.dylib
0x000000001e50f000 	/System/Library/Frameworks/OpenGL.framework/Versions/A/Libraries/libGLImage.dylib
0x000000001e50f000 	/System/Library/Frameworks/OpenGL.framework/Versions/A/Libraries/libCVMSPluginSupport.dylib
0x000000001e50f000 	/System/Library/Frameworks/OpenGL.framework/Versions/A/Libraries/libCoreVMClient.dylib
0x000000001e50f000 	/System/Library/PrivateFrameworks/CrashReporterSupport.framework/Versions/A/CrashReporterSupport
0x000000001e50f000 	/System/Library/PrivateFrameworks/Sharing.framework/Versions/A/Sharing
0x000000001e50f000 	/System/Library/PrivateFrameworks/IconServices.framework/Versions/A/IconServices
0x000000001e50f000 	/System/Library/PrivateFrameworks/ProtocolBuffer.framework/Versions/A/ProtocolBuffer
0x000000001e50f000 	/System/Library/PrivateFrameworks/Apple80211.framework/Versions/A/Apple80211
0x000000001e50f000 	/System/Library/Frameworks/CoreWLAN.framework/Versions/A/CoreWLAN
0x000000001e50f000 	/System/Library/PrivateFrameworks/CoreUtils.framework/Versions/A/CoreUtils
0x000000001e50f000 	/System/Library/Frameworks/IOBluetooth.framework/Versions/A/IOBluetooth
0x000000001e50f000 	/System/Library/PrivateFrameworks/CoreWiFi.framework/Versions/A/CoreWiFi
0x000000001e50f000 	/System/Library/Frameworks/CoreBluetooth.framework/Versions/A/CoreBluetooth
0x000000001e50f000 	/System/Library/Frameworks/CoreDisplay.framework/Versions/A/CoreDisplay
0x000000001e50f000 	/System/Library/PrivateFrameworks/IOPresentment.framework/Versions/A/IOPresentment
0x000000001e50f000 	/System/Library/PrivateFrameworks/DebugSymbols.framework/Versions/A/DebugSymbols
0x000000001e50f000 	/System/Library/PrivateFrameworks/CoreSymbolication.framework/Versions/A/CoreSymbolication
0x000000001e50f000 	/System/Library/PrivateFrameworks/Symbolication.framework/Versions/A/Symbolication
0x000000001e50f000 	/System/Library/PrivateFrameworks/AppleFSCompression.framework/Versions/A/AppleFSCompression
0x000000001e50f000 	/System/Library/PrivateFrameworks/SpeechRecognitionCore.framework/Versions/A/SpeechRecognitionCore
0x000000001e50f000 	/System/Library/PrivateFrameworks/ChunkingLibrary.framework/Versions/A/ChunkingLibrary
0x000000010a200000 	/Library/Java/JavaVirtualMachines/jdk1.8.0_111.jdk/Contents/Home/jre/lib/server/libjvm.dylib
0x000000001e50f000 	/usr/lib/libstdc++.6.dylib
0x0000000109880000 	/Library/Java/JavaVirtualMachines/jdk1.8.0_111.jdk/Contents/Home/jre/lib/libverify.dylib
0x000000010988e000 	/Library/Java/JavaVirtualMachines/jdk1.8.0_111.jdk/Contents/Home/jre/lib/libjava.dylib
0x00000001098cd000 	/Library/Java/JavaVirtualMachines/jdk1.8.0_111.jdk/Contents/Home/jre/lib/libzip.dylib
0x000000010e4b3000 	/System/Library/Frameworks/JavaVM.framework/Frameworks/JavaRuntimeSupport.framework/JavaRuntimeSupport
0x000000010e4cd000 	/System/Library/Frameworks/JavaVM.framework/Versions/A/Frameworks/JavaNativeFoundation.framework/Versions/A/JavaNativeFoundation
0x000000010e4e2000 	/System/Library/Frameworks/JavaVM.framework/Versions/A/JavaVM
0x000000001e50f000 	/System/Library/Frameworks/Carbon.framework/Versions/A/Carbon
0x000000010e4ef000 	/System/Library/PrivateFrameworks/JavaLaunching.framework/Versions/A/JavaLaunching
0x000000001e50f000 	/System/Library/Frameworks/Carbon.framework/Versions/A/Frameworks/CommonPanels.framework/Versions/A/CommonPanels
0x000000001e50f000 	/System/Library/Frameworks/Carbon.framework/Versions/A/Frameworks/Help.framework/Versions/A/Help
0x000000001e50f000 	/System/Library/Frameworks/Carbon.framework/Versions/A/Frameworks/ImageCapture.framework/Versions/A/ImageCapture
0x000000001e50f000 	/System/Library/Frameworks/Carbon.framework/Versions/A/Frameworks/OpenScripting.framework/Versions/A/OpenScripting
0x000000001e50f000 	/System/Library/Frameworks/Carbon.framework/Versions/A/Frameworks/Print.framework/Versions/A/Print
0x000000001e50f000 	/System/Library/Frameworks/Carbon.framework/Versions/A/Frameworks/SecurityHI.framework/Versions/A/SecurityHI
0x000000010fdf7000 	/Library/Java/JavaVirtualMachines/jdk1.8.0_111.jdk/Contents/Home/jre/lib/libawt.dylib
0x000000010fe9f000 	/Library/Java/JavaVirtualMachines/jdk1.8.0_111.jdk/Contents/Home/jre/lib/./libmlib_image.dylib
0x000000010ff6b000 	/Library/Java/JavaVirtualMachines/jdk1.8.0_111.jdk/Contents/Home/jre/lib/libawt_lwawt.dylib
0x0000000110020000 	/Library/Java/JavaVirtualMachines/jdk1.8.0_111.jdk/Contents/Home/jre/lib/./libosxapp.dylib
0x000000001e50f000 	/System/Library/Frameworks/ExceptionHandling.framework/Versions/A/ExceptionHandling
0x000000001e50f000 	/System/Library/PrivateFrameworks/CoreServicesInternal.framework/Versions/A/CoreServicesInternal
0x000000001e50f000 	/System/Library/CoreServices/RawCamera.bundle/Contents/MacOS/RawCamera
0x000000001e50f000 	/System/Library/Frameworks/Accelerate.framework/Versions/A/Frameworks/vImage.framework/Versions/A/Libraries/libCGInterfaces.dylib
0x000000001e50f000 	/System/Library/Frameworks/ApplicationServices.framework/Versions/A/Frameworks/ATS.framework/Versions/A/Resources/libTrueTypeScaler.dylib
0x000000001e50f000 	/System/Library/Frameworks/OpenGL.framework/Versions/A/Resources/GLEngine.bundle/GLEngine
0x000000001e50f000 	/System/Library/Frameworks/OpenGL.framework/Versions/A/Libraries/libGLProgrammability.dylib
0x0000000128b2b000 	/System/Library/Extensions/AppleIntelHD4000GraphicsGLDriver.bundle/Contents/MacOS/AppleIntelHD4000GraphicsGLDriver
0x000000001e50f000 	/System/Library/PrivateFrameworks/GPUSupport.framework/Versions/A/Libraries/libGPUSupportMercury.dylib
0x000000001e50f000 	/System/Library/Frameworks/OpenGL.framework/Versions/A/Resources/GLRendererFloat.bundle/GLRendererFloat
0x000000001e50f000 	/System/Library/Frameworks/OpenCL.framework/Versions/A/Libraries/libcldcpuengine.dylib
0x000000001e50f000 	/usr/lib/libcrypto.0.9.8.dylib
0x000000001e50f000 	/System/Library/PrivateFrameworks/TrustEvaluationAgent.framework/Versions/A/TrustEvaluationAgent
0x00000001291ed000 	/System/Library/Extensions/AppleIntelHD4000GraphicsMTLDriver.bundle/Contents/MacOS/AppleIntelHD4000GraphicsMTLDriver
0x000000001e50f000 	/System/Library/PrivateFrameworks/FamilyControls.framework/Versions/A/FamilyControls
0x000000001e50f000 	/System/Library/PrivateFrameworks/CommerceKit.framework/Versions/A/Frameworks/CommerceCore.framework/Versions/A/CommerceCore
0x000000001e50f000 	/System/Library/PrivateFrameworks/SystemAdministration.framework/Versions/A/SystemAdministration
0x000000001e50f000 	/System/Library/PrivateFrameworks/AppContainer.framework/Versions/A/AppContainer
0x000000001e50f000 	/System/Library/PrivateFrameworks/SecCodeWrapper.framework/Versions/A/SecCodeWrapper
0x000000001e50f000 	/System/Library/Frameworks/DirectoryService.framework/Versions/A/DirectoryService
0x000000001e50f000 	/System/Library/PrivateFrameworks/DiskImages.framework/Versions/A/DiskImages
0x000000001e50f000 	/System/Library/PrivateFrameworks/LoginUIKit.framework/Versions/A/Frameworks/LoginUICore.framework/Versions/A/LoginUICore
0x000000001e50f000 	/usr/lib/libCoreStorage.dylib
0x000000001e50f000 	/usr/lib/libcsfde.dylib
0x000000001e50f000 	/usr/lib/libodfde.dylib
0x000000001e50f000 	/System/Library/Frameworks/DiscRecording.framework/Versions/A/DiscRecording
0x000000001e50f000 	/usr/lib/libcurl.4.dylib
0x000000001e50f000 	/System/Library/PrivateFrameworks/MediaKit.framework/Versions/A/MediaKit
0x000000001e50f000 	/System/Library/PrivateFrameworks/ProtectedCloudStorage.framework/Versions/A/ProtectedCloudStorage
0x000000001e50f000 	/System/Library/PrivateFrameworks/EFILogin.framework/Versions/A/EFILogin
0x000000001e50f000 	/usr/lib/libutil.dylib
0x000000001e50f000 	/System/Library/Frameworks/LDAP.framework/Versions/A/LDAP
0x000000001e50f000 	/usr/lib/libsasl2.2.dylib
0x000000001e50f000 	/System/Library/PrivateFrameworks/CoreDaemon.framework/Versions/B/CoreDaemon
0x000000001e50f000 	/System/Library/PrivateFrameworks/AppleSRP.framework/Versions/A/AppleSRP
0x000000001e50f000 	/System/Library/PrivateFrameworks/APFS.framework/Versions/A/APFS
0x000000012a53e000 	/Library/Java/JavaVirtualMachines/jdk1.8.0_111.jdk/Contents/Home/jre/lib/libfontmanager.dylib
0x000000012ae29000 	/Library/Java/JavaVirtualMachines/jdk1.8.0_111.jdk/Contents/Home/jre/lib/libosxui.dylib
0x000000012d97b000 	/Library/Java/JavaVirtualMachines/jdk1.8.0_111.jdk/Contents/Home/jre/lib/libnet.dylib
0x000000012d6cc000 	/Library/Java/JavaVirtualMachines/jdk1.8.0_111.jdk/Contents/Home/jre/lib/libnio.dylib

VM Arguments:
jvm_args: -Dfile.encoding=UTF-8 
java_command: dragonbids.client.UserWindow
java_class_path (initial): /Users/carminevalentino/Dropbox/Software/DragonBidsClient/bin:/Users/carminevalentino/Dropbox/Software/DragonBidsClient/jgoodies-forms-1.8.0.jar:/Users/carminevalentino/Dropbox/Software/DragonBidsClient/miglayout15-swing.jar:/Users/carminevalentino/Dropbox/Software/DragonBidsClient/lib/DragonBidsApi.jar
Launcher Type: SUN_STANDARD

Environment Variables:
PATH=/usr/bin:/bin:/usr/sbin:/sbin
SHELL=/bin/bash
DISPLAY=/private/tmp/com.apple.launchd.4tMdAGy0BR/org.macosforge.xquartz:0

Signal Handlers:
SIGSEGV: [libjvm.dylib+0x5b03ed], sa_mask[0]=11111111011111110111111111111111, sa_flags=SA_ONSTACK|SA_RESTART|SA_SIGINFO
SIGBUS: [libjvm.dylib+0x5b03ed], sa_mask[0]=11111111011111110111111111111111, sa_flags=SA_RESTART|SA_SIGINFO
SIGFPE: [libjvm.dylib+0x48711c], sa_mask[0]=11111111011111110111111111111111, sa_flags=SA_RESTART|SA_SIGINFO
SIGPIPE: [libjvm.dylib+0x48711c], sa_mask[0]=11111111011111110111111111111111, sa_flags=SA_RESTART|SA_SIGINFO
SIGXFSZ: [libjvm.dylib+0x48711c], sa_mask[0]=11111111011111110111111111111111, sa_flags=SA_RESTART|SA_SIGINFO
SIGILL: [libjvm.dylib+0x48711c], sa_mask[0]=11111111011111110111111111111111, sa_flags=SA_RESTART|SA_SIGINFO
SIGUSR1: SIG_DFL, sa_mask[0]=00000000000000000000000000000000, sa_flags=none
SIGUSR2: [libjvm.dylib+0x486c3a], sa_mask[0]=00100000000000000000000000000000, sa_flags=SA_RESTART|SA_SIGINFO
SIGHUP: [libjvm.dylib+0x485211], sa_mask[0]=11111111011111110111111111111111, sa_flags=SA_RESTART|SA_SIGINFO
SIGINT: [libjvm.dylib+0x485211], sa_mask[0]=11111111011111110111111111111111, sa_flags=SA_RESTART|SA_SIGINFO
SIGTERM: [libjvm.dylib+0x485211], sa_mask[0]=11111111011111110111111111111111, sa_flags=SA_RESTART|SA_SIGINFO
SIGQUIT: [libjvm.dylib+0x485211], sa_mask[0]=11111111011111110111111111111111, sa_flags=SA_RESTART|SA_SIGINFO


---------------  S Y S T E M  ---------------

OS:Bsduname:Darwin 16.0.0 Darwin Kernel Version 16.0.0: Mon Aug 29 17:56:20 PDT 2016; root:xnu-3789.1.32~3/RELEASE_X86_64 x86_64
rlimit: STACK 8192k, CORE 0k, NPROC 709, NOFILE 10240, AS infinity
load average:1.24 1.28 1.30

CPU:total 4 (2 cores per cpu, 2 threads per core) family 6 model 58 stepping 9, cmov, cx8, fxsr, mmx, sse, sse2, sse3, ssse3, sse4.1, sse4.2, popcnt, avx, aes, clmul, erms, ht, tsc, tscinvbit, tscinv

Memory: 4k page, physical 16777216k(1212252k free)

/proc/meminfo:


vm_info: Java HotSpot(TM) 64-Bit Server VM (25.111-b14) for bsd-amd64 JRE (1.8.0_111-b14), built on Sep 22 2016 15:31:41 by "java_re" with gcc 4.2.1 (Based on Apple Inc. build 5658) (LLVM build 2336.11.00)

time: Sun Nov 13 22:42:52 2016
elapsed time: 14420 seconds (0d 4h 0m 20s)

